<?xml version="1.0" encoding="UTF-8"?>
<testng-results total="6" passed="5" failed="1" skipped="0">
  <reporter-output>
  </reporter-output>
  <suite started-at="2021-04-24T19:28:47Z" name="Default suite" finished-at="2021-04-24T19:29:30Z" duration-ms="42552">
    <groups>
    </groups>
    <test started-at="2021-04-24T19:28:47Z" name="Default test" finished-at="2021-04-24T19:29:30Z" duration-ms="42552">
      <class name="automation.googleMortgageCalculator.MortgageCalculatorTest">
        <test-method signature="maximumLoanCompleteTest()[pri:0, instance:automation.googleMortgageCalculator.MortgageCalculatorTest@74751b3]" started-at="2021-04-24T15:28:47Z" name="maximumLoanCompleteTest" finished-at="2021-04-24T15:28:53Z" duration-ms="5513" status="PASS">
          <reporter-output>
          </reporter-output>
        </test-method> <!-- maximumLoanCompleteTest -->
        <test-method signature="maximumLoanInvalidInterestRate()[pri:0, instance:automation.googleMortgageCalculator.MortgageCalculatorTest@74751b3]" started-at="2021-04-24T15:28:53Z" name="maximumLoanInvalidInterestRate" finished-at="2021-04-24T15:29:07Z" duration-ms="14720" status="FAIL">
          <exception class="org.openqa.selenium.NoSuchElementException">
            <message>
              <![CDATA[no such element: Unable to locate element: {"method":"xpath","selector":"//div[.='Maximum loan']"}
  (Session info: chrome=90.0.4430.85)
For documentation on this error, please visit: https://www.seleniumhq.org/exceptions/no_such_element.html
Build info: version: '3.141.59', revision: 'e82be7d358', time: '2018-11-14T08:17:03'
System info: host: 'GCOM-FDLELT010', ip: '10.201.42.245', os.name: 'Windows 10', os.arch: 'amd64', os.version: '10.0', java.version: '13.0.1'
Driver info: org.openqa.selenium.chrome.ChromeDriver
Capabilities {acceptInsecureCerts: false, browserName: chrome, browserVersion: 90.0.4430.85, chrome: {chromedriverVersion: 90.0.4430.24 (4c6d850f087da..., userDataDir: C:\Users\saadkhan\AppData\L...}, goog:chromeOptions: {debuggerAddress: localhost:41452}, javascriptEnabled: true, networkConnectionEnabled: false, pageLoadStrategy: normal, platform: WINDOWS, platformName: WINDOWS, proxy: Proxy(), setWindowRect: true, strictFileInteractability: false, timeouts: {implicit: 0, pageLoad: 300000, script: 30000}, unhandledPromptBehavior: dismiss and notify, webauthn:extension:largeBlob: true, webauthn:virtualAuthenticators: true}
Session ID: a139cce8e4187f9e7a752ed21bd7faba
*** Element info: {Using=xpath, value=//div[.='Maximum loan']}]]>
            </message>
            <full-stacktrace>
              <![CDATA[org.openqa.selenium.NoSuchElementException: no such element: Unable to locate element: {"method":"xpath","selector":"//div[.='Maximum loan']"}
  (Session info: chrome=90.0.4430.85)
For documentation on this error, please visit: https://www.seleniumhq.org/exceptions/no_such_element.html
Build info: version: '3.141.59', revision: 'e82be7d358', time: '2018-11-14T08:17:03'
System info: host: 'GCOM-FDLELT010', ip: '10.201.42.245', os.name: 'Windows 10', os.arch: 'amd64', os.version: '10.0', java.version: '13.0.1'
Driver info: org.openqa.selenium.chrome.ChromeDriver
Capabilities {acceptInsecureCerts: false, browserName: chrome, browserVersion: 90.0.4430.85, chrome: {chromedriverVersion: 90.0.4430.24 (4c6d850f087da..., userDataDir: C:\Users\saadkhan\AppData\L...}, goog:chromeOptions: {debuggerAddress: localhost:41452}, javascriptEnabled: true, networkConnectionEnabled: false, pageLoadStrategy: normal, platform: WINDOWS, platformName: WINDOWS, proxy: Proxy(), setWindowRect: true, strictFileInteractability: false, timeouts: {implicit: 0, pageLoad: 300000, script: 30000}, unhandledPromptBehavior: dismiss and notify, webauthn:extension:largeBlob: true, webauthn:virtualAuthenticators: true}
Session ID: a139cce8e4187f9e7a752ed21bd7faba
*** Element info: {Using=xpath, value=//div[.='Maximum loan']}
	at java.base/jdk.internal.reflect.NativeConstructorAccessorImpl.newInstance0(Native Method)
	at java.base/jdk.internal.reflect.NativeConstructorAccessorImpl.newInstance(NativeConstructorAccessorImpl.java:62)
	at java.base/jdk.internal.reflect.DelegatingConstructorAccessorImpl.newInstance(DelegatingConstructorAccessorImpl.java:45)
	at java.base/java.lang.reflect.Constructor.newInstanceWithCaller(Constructor.java:500)
	at java.base/java.lang.reflect.Constructor.newInstance(Constructor.java:481)
	at org.openqa.selenium.remote.http.W3CHttpResponseCodec.createException(W3CHttpResponseCodec.java:187)
	at org.openqa.selenium.remote.http.W3CHttpResponseCodec.decode(W3CHttpResponseCodec.java:122)
	at org.openqa.selenium.remote.http.W3CHttpResponseCodec.decode(W3CHttpResponseCodec.java:49)
	at org.openqa.selenium.remote.HttpCommandExecutor.execute(HttpCommandExecutor.java:158)
	at org.openqa.selenium.remote.service.DriverCommandExecutor.execute(DriverCommandExecutor.java:83)
	at org.openqa.selenium.remote.RemoteWebDriver.execute(RemoteWebDriver.java:552)
	at org.openqa.selenium.remote.RemoteWebDriver.findElement(RemoteWebDriver.java:323)
	at org.openqa.selenium.remote.RemoteWebDriver.findElementByXPath(RemoteWebDriver.java:428)
	at org.openqa.selenium.By$ByXPath.findElement(By.java:353)
	at org.openqa.selenium.remote.RemoteWebDriver.findElement(RemoteWebDriver.java:315)
	at resources.base.clickElement(base.java:60)
	at automation.googleMortgageCalculator.MortgageCalculatorTest.maximumLoanTestHelper(MortgageCalculatorTest.java:96)
	at automation.googleMortgageCalculator.MortgageCalculatorTest.maximumLoanInvalidInterestRate(MortgageCalculatorTest.java:156)
	at java.base/jdk.internal.reflect.NativeMethodAccessorImpl.invoke0(Native Method)
	at java.base/jdk.internal.reflect.NativeMethodAccessorImpl.invoke(NativeMethodAccessorImpl.java:62)
	at java.base/jdk.internal.reflect.DelegatingMethodAccessorImpl.invoke(DelegatingMethodAccessorImpl.java:43)
	at java.base/java.lang.reflect.Method.invoke(Method.java:567)
	at org.testng.internal.MethodInvocationHelper.invokeMethod(MethodInvocationHelper.java:80)
	at org.testng.internal.Invoker.invokeMethod(Invoker.java:714)
	at org.testng.internal.Invoker.invokeTestMethod(Invoker.java:901)
	at org.testng.internal.Invoker.invokeTestMethods(Invoker.java:1231)
	at org.testng.internal.TestMethodWorker.invokeTestMethods(TestMethodWorker.java:127)
	at org.testng.internal.TestMethodWorker.run(TestMethodWorker.java:111)
	at org.testng.TestRunner.privateRun(TestRunner.java:767)
	at org.testng.TestRunner.run(TestRunner.java:617)
	at org.testng.SuiteRunner.runTest(SuiteRunner.java:334)
	at org.testng.SuiteRunner.runSequentially(SuiteRunner.java:329)
	at org.testng.SuiteRunner.privateRun(SuiteRunner.java:291)
	at org.testng.SuiteRunner.run(SuiteRunner.java:240)
	at org.testng.SuiteRunnerWorker.runSuite(SuiteRunnerWorker.java:52)
	at org.testng.SuiteRunnerWorker.run(SuiteRunnerWorker.java:86)
	at org.testng.TestNG.runSuitesSequentially(TestNG.java:1198)
	at org.testng.TestNG.runSuitesLocally(TestNG.java:1123)
	at org.testng.TestNG.run(TestNG.java:1031)
	at org.testng.remote.AbstractRemoteTestNG.run(AbstractRemoteTestNG.java:115)
	at org.testng.remote.RemoteTestNG.initAndRun(RemoteTestNG.java:251)
	at org.testng.remote.RemoteTestNG.main(RemoteTestNG.java:77)
]]>
            </full-stacktrace>
          </exception> <!-- org.openqa.selenium.NoSuchElementException -->
          <reporter-output>
          </reporter-output>
        </test-method> <!-- maximumLoanInvalidInterestRate -->
        <test-method signature="maximumLoanInvalidMonthlyPayments()[pri:0, instance:automation.googleMortgageCalculator.MortgageCalculatorTest@74751b3]" started-at="2021-04-24T15:29:07Z" name="maximumLoanInvalidMonthlyPayments" finished-at="2021-04-24T15:29:13Z" duration-ms="5371" status="PASS">
          <reporter-output>
          </reporter-output>
        </test-method> <!-- maximumLoanInvalidMonthlyPayments -->
        <test-method signature="monthlyPaymentsCompleteTest()[pri:0, instance:automation.googleMortgageCalculator.MortgageCalculatorTest@74751b3]" started-at="2021-04-24T15:29:13Z" name="monthlyPaymentsCompleteTest" finished-at="2021-04-24T15:29:18Z" duration-ms="5439" status="PASS">
          <reporter-output>
          </reporter-output>
        </test-method> <!-- monthlyPaymentsCompleteTest -->
        <test-method signature="monthlyPaymentsInvalidInterestRate()[pri:0, instance:automation.googleMortgageCalculator.MortgageCalculatorTest@74751b3]" started-at="2021-04-24T15:29:18Z" name="monthlyPaymentsInvalidInterestRate" finished-at="2021-04-24T15:29:23Z" duration-ms="5293" status="PASS">
          <reporter-output>
          </reporter-output>
        </test-method> <!-- monthlyPaymentsInvalidInterestRate -->
        <test-method signature="monthlyPaymentsInvalidMortgageAmount()[pri:0, instance:automation.googleMortgageCalculator.MortgageCalculatorTest@74751b3]" started-at="2021-04-24T15:29:23Z" name="monthlyPaymentsInvalidMortgageAmount" finished-at="2021-04-24T15:29:30Z" duration-ms="6191" status="PASS">
          <reporter-output>
          </reporter-output>
        </test-method> <!-- monthlyPaymentsInvalidMortgageAmount -->
      </class> <!-- automation.googleMortgageCalculator.MortgageCalculatorTest -->
    </test> <!-- Default test -->
  </suite> <!-- Default suite -->
</testng-results>
